<?xml version="1.0" encoding="UTF-8" ?>
<testsuite tests="21" failures="0" name="es.udc.ws.app.test.model.EventServiceTest" time="0.819" errors="0" skipped="0">
  <properties>
    <property name="java.runtime.name" value="Java(TM) SE Runtime Environment"/>
    <property name="sun.boot.library.path" value="/opt/jdk1.8.0_05/jre/lib/amd64"/>
    <property name="java.vm.version" value="25.5-b02"/>
    <property name="java.vm.vendor" value="Oracle Corporation"/>
    <property name="java.vendor.url" value="http://java.oracle.com/"/>
    <property name="path.separator" value=":"/>
    <property name="guice.disable.misplaced.annotation.check" value="true"/>
    <property name="java.vm.name" value="Java HotSpot(TM) 64-Bit Server VM"/>
    <property name="file.encoding.pkg" value="sun.io"/>
    <property name="user.country" value="ES"/>
    <property name="sun.java.launcher" value="SUN_STANDARD"/>
    <property name="sun.os.patch.level" value="unknown"/>
    <property name="java.vm.specification.name" value="Java Virtual Machine Specification"/>
    <property name="user.dir" value="/home/hmia/workspace/JAVA-ISD/ws-app"/>
    <property name="java.runtime.version" value="1.8.0_05-b13"/>
    <property name="java.awt.graphicsenv" value="sun.awt.X11GraphicsEnvironment"/>
    <property name="java.endorsed.dirs" value="/opt/jdk1.8.0_05/jre/lib/endorsed"/>
    <property name="os.arch" value="amd64"/>
    <property name="java.io.tmpdir" value="/tmp"/>
    <property name="line.separator" value="
"/>
    <property name="java.vm.specification.vendor" value="Oracle Corporation"/>
    <property name="os.name" value="Linux"/>
    <property name="classworlds.conf" value="/home/hmia/workspace/JAVA-ISD/.metadata/.plugins/org.eclipse.m2e.launching/launches/m2conf8797918484939681698.tmp"/>
    <property name="sun.jnu.encoding" value="UTF-8"/>
    <property name="java.library.path" value="/usr/java/packages/lib/amd64:/usr/lib64:/lib64:/lib:/usr/lib"/>
    <property name="java.specification.name" value="Java Platform API Specification"/>
    <property name="java.class.version" value="52.0"/>
    <property name="sun.management.compiler" value="HotSpot 64-Bit Tiered Compilers"/>
    <property name="os.version" value="3.13.0-32-generic"/>
    <property name="user.home" value="/home/hmia"/>
    <property name="user.timezone" value="Europe/Madrid"/>
    <property name="java.awt.printerjob" value="sun.print.PSPrinterJob"/>
    <property name="file.encoding" value="UTF-8"/>
    <property name="java.specification.version" value="1.8"/>
    <property name="user.name" value="hmia"/>
    <property name="java.class.path" value="/opt/eclipse/plugins/org.eclipse.m2e.maven.runtime_1.5.0.20140605-2032/jars/plexus-classworlds-2.5.1.jar"/>
    <property name="org.slf4j.simpleLogger.defaultLogLevel" value="info"/>
    <property name="java.vm.specification.version" value="1.8"/>
    <property name="sun.arch.data.model" value="64"/>
    <property name="java.home" value="/opt/jdk1.8.0_05/jre"/>
    <property name="sun.java.command" value="org.codehaus.plexus.classworlds.launcher.Launcher -B install"/>
    <property name="java.specification.vendor" value="Oracle Corporation"/>
    <property name="user.language" value="es"/>
    <property name="awt.toolkit" value="sun.awt.X11.XToolkit"/>
    <property name="java.vm.info" value="mixed mode"/>
    <property name="java.version" value="1.8.0_05"/>
    <property name="java.ext.dirs" value="/opt/jdk1.8.0_05/jre/lib/ext:/usr/java/packages/lib/ext"/>
    <property name="securerandom.source" value="file:/dev/./urandom"/>
    <property name="sun.boot.class.path" value="/opt/jdk1.8.0_05/jre/lib/resources.jar:/opt/jdk1.8.0_05/jre/lib/rt.jar:/opt/jdk1.8.0_05/jre/lib/sunrsasign.jar:/opt/jdk1.8.0_05/jre/lib/jsse.jar:/opt/jdk1.8.0_05/jre/lib/jce.jar:/opt/jdk1.8.0_05/jre/lib/charsets.jar:/opt/jdk1.8.0_05/jre/lib/jfr.jar:/opt/jdk1.8.0_05/jre/classes"/>
    <property name="java.vendor" value="Oracle Corporation"/>
    <property name="maven.home" value="/home/hmia/workspace/JAVA-ISD/ws-app/EMBEDDED"/>
    <property name="file.separator" value="/"/>
    <property name="java.vendor.url.bug" value="http://bugreport.sun.com/bugreport/"/>
    <property name="sun.cpu.endian" value="little"/>
    <property name="sun.io.unicode.encoding" value="UnicodeLittle"/>
    <property name="sun.desktop" value="gnome"/>
    <property name="sun.cpu.isalist" value=""/>
  </properties>
  <testcase classname="es.udc.ws.app.test.model.EventServiceTest" name="testUpdateStartedEvent" time="0.279"/>
  <testcase classname="es.udc.ws.app.test.model.EventServiceTest" name="testRemoveEventWithAttendees" time="0.049"/>
  <testcase classname="es.udc.ws.app.test.model.EventServiceTest" name="testAddInvalidEvent" time="0.001"/>
  <testcase classname="es.udc.ws.app.test.model.EventServiceTest" name="testAddInvalidReply" time="0"/>
  <testcase classname="es.udc.ws.app.test.model.EventServiceTest" name="getAfirmativeRepliesByEvent" time="0.087"/>
  <testcase classname="es.udc.ws.app.test.model.EventServiceTest" name="testFindEventFinDateNull" time="0"/>
  <testcase classname="es.udc.ws.app.test.model.EventServiceTest" name="testUpdateExpiredEvent" time="0.013"/>
  <testcase classname="es.udc.ws.app.test.model.EventServiceTest" name="testUpdateEvent" time="0.029"/>
  <testcase classname="es.udc.ws.app.test.model.EventServiceTest" name="testAddEventAndFindEvent" time="0.017"/>
  <testcase classname="es.udc.ws.app.test.model.EventServiceTest" name="testFindEvents" time="0.055"/>
  <testcase classname="es.udc.ws.app.test.model.EventServiceTest" name="testRemoveEventWithOutAttendees" time="0.024"/>
  <testcase classname="es.udc.ws.app.test.model.EventServiceTest" name="testGetRepliesByUser" time="0.059"/>
  <testcase classname="es.udc.ws.app.test.model.EventServiceTest" name="testRemoveValidEvent" time="0.015"/>
  <testcase classname="es.udc.ws.app.test.model.EventServiceTest" name="testFindEventByInvalidRank" time="0"/>
  <testcase classname="es.udc.ws.app.test.model.EventServiceTest" name="getNegativeRepliesByEvent" time="0.066"/>
  <testcase classname="es.udc.ws.app.test.model.EventServiceTest" name="testFindNonExistentEvent" time="0.006"/>
  <testcase classname="es.udc.ws.app.test.model.EventServiceTest" name="getAllRepliesByEvent" time="0.059"/>
  <testcase classname="es.udc.ws.app.test.model.EventServiceTest" name="testUpdateNonExistentEvent" time="0.01"/>
  <testcase classname="es.udc.ws.app.test.model.EventServiceTest" name="testUpdateReduceAforo" time="0.032"/>
  <testcase classname="es.udc.ws.app.test.model.EventServiceTest" name="testUpdateInvalidEvent" time="0.018"/>
  <testcase classname="es.udc.ws.app.test.model.EventServiceTest" name="testFindEventInitDateNull" time="0"/>
</testsuite>